<?xml version="1.0" encoding="UTF-8"?>
<testng-results ignored="0" total="1" passed="1" failed="0" skipped="0">
  <reporter-output>
  </reporter-output>
  <suite started-at="2023-09-06T10:37:57 CST" name="Default suite" finished-at="2023-09-06T10:38:05 CST" duration-ms="7974">
    <groups>
    </groups>
    <test started-at="2023-09-06T10:37:57 CST" name="Default test" finished-at="2023-09-06T10:38:05 CST" duration-ms="7974">
      <class name="com.webapp.test.HomeTest">
        <test-method is-config="true" signature="setup()[pri:0, instance:com.webapp.test.HomeTest@51c668e3]" started-at="2023-09-06T10:37:57 CST" name="setup" finished-at="2023-09-06T10:38:05 CST" duration-ms="7609" status="PASS">
          <reporter-output>
          </reporter-output>
        </test-method> <!-- setup -->
        <test-method signature="f()[pri:0, instance:com.webapp.test.HomeTest@51c668e3]" started-at="2023-09-06T10:38:05 CST" name="f" finished-at="2023-09-06T10:38:05 CST" duration-ms="4" status="PASS">
          <reporter-output>
          </reporter-output>
        </test-method> <!-- f -->
        <test-method is-config="true" signature="tearDown()[pri:0, instance:com.webapp.test.HomeTest@51c668e3]" started-at="2023-09-06T10:38:05 CST" name="tearDown" finished-at="2023-09-06T10:38:05 CST" duration-ms="321" status="PASS">
          <reporter-output>
          </reporter-output>
        </test-method> <!-- tearDown -->
      </class> <!-- com.webapp.test.HomeTest -->
    </test> <!-- Default test -->
  </suite> <!-- Default suite -->
</testng-results>
